Build started 6/11/2024 6:43:03 PM.
     1>Project "D:\Dropbox\работа\GitRepo\RiverComplex\OrthoKernel\OrthoKernel.vcxproj" on node 5 (Rebuild target(s)).
     1>CudaClean:
         cmd.exe /C "C:\Users\SnigurKS\AppData\Local\Temp\tmpb6a137eb6b9b478bb0257b5168b6581d.cmd"
         "C:\Program Files\NVIDIA GPU Computing Toolkit\CUDA\v8.0\bin\nvcc.exe" -ccbin "C:\Program Files (x86)\Microsoft Visual Studio 12.0\VC\bin\x86_amd64"  -I"C:\Program Files\NVIDIA GPU Computing Toolkit\CUDA\v8.0\include" -I"C:\Program Files\NVIDIA GPU Computing Toolkit\CUDA\v8.0\include"  -G   --keep-dir x64\Debug -maxrregcount=0  --machine 64 -ptx   -o D:\Dropbox\работа\GitRepo\RiverComplex\MeshLibrary\OrthoGrid_x64.ptx "D:\Dropbox\работа\GitRepo\RiverComplex\OrthoKernel\OrthoGrid.cu" -clean
         
         D:\Dropbox\работа\GitRepo\RiverComplex\OrthoKernel>"C:\Program Files\NVIDIA GPU Computing Toolkit\CUDA\v8.0\bin\nvcc.exe" -ccbin "C:\Program Files (x86)\Microsoft Visual Studio 12.0\VC\bin\x86_amd64"  -I"C:\Program Files\NVIDIA GPU Computing Toolkit\CUDA\v8.0\include" -I"C:\Program Files\NVIDIA GPU Computing Toolkit\CUDA\v8.0\include"  -G   --keep-dir x64\Debug -maxrregcount=0  --machine 64 -ptx   -o D:\Dropbox\работа\GitRepo\RiverComplex\MeshLibrary\OrthoGrid_x64.ptx "D:\Dropbox\работа\GitRepo\RiverComplex\OrthoKernel\OrthoGrid.cu" -clean 
     1>CUDACOMPILE : nvcc warning : The 'compute_20', 'sm_20', and 'sm_21' architectures are deprecated, and may be removed in a future release (Use -Wno-deprecated-gpu-targets to suppress warning).
         OrthoGrid.cu
     1>C:\Program Files (x86)\MSBuild\Microsoft.Cpp\v4.0\V120\Microsoft.CppBuild.targets(388,5): warning MSB8028: The intermediate directory (x64\Debug\) contains files shared from another project (OrthoKernel.vcxproj).  This can lead to incorrect clean and rebuild behavior.
       AddCudaCompileDeps:
         C:\Program Files (x86)\Microsoft Visual Studio 12.0\VC\bin\x86_amd64\cl.exe /E /nologo /showIncludes /TP /D__CUDACC__ /DWIN32 /DWIN64 /D_DEBUG /D_CONSOLE /D_MBCS /I"C:\Program Files\NVIDIA GPU Computing Toolkit\CUDA\v8.0\include" /I"C:\Program Files\NVIDIA GPU Computing Toolkit\CUDA\v8.0\bin" /I"C:\Program Files\NVIDIA GPU Computing Toolkit\CUDA\v8.0\include" /I. /FIcuda_runtime.h /c D:\Dropbox\работа\GitRepo\RiverComplex\OrthoKernel\OrthoGrid.cu 
     1>Project "D:\Dropbox\работа\GitRepo\RiverComplex\OrthoKernel\OrthoKernel.vcxproj" (1) is building "D:\Dropbox\работа\GitRepo\RiverComplex\OrthoKernel\OrthoKernel.vcxproj" (1:2) on node 2 (CudaBuildCore target(s)).
     1>CudaBuildCore:
         Compiling CUDA source file OrthoGrid.cu...
         cmd.exe /C "C:\Users\SnigurKS\AppData\Local\Temp\tmp398ff8ab0fae456f9d3d0cc5ac7746a6.cmd"
         "C:\Program Files\NVIDIA GPU Computing Toolkit\CUDA\v8.0\bin\nvcc.exe" -gencode=arch=compute_20,code=\"sm_20,compute_20\" --use-local-env --cl-version 2013 -ccbin "C:\Program Files (x86)\Microsoft Visual Studio 12.0\VC\bin\x86_amd64"  -I"C:\Program Files\NVIDIA GPU Computing Toolkit\CUDA\v8.0\include" -I"C:\Program Files\NVIDIA GPU Computing Toolkit\CUDA\v8.0\include"  -G   --keep-dir x64\Debug -maxrregcount=0  --machine 64 -ptx -cudart static  -o D:\Dropbox\работа\GitRepo\RiverComplex\MeshLibrary\OrthoGrid_x64.ptx "D:\Dropbox\работа\GitRepo\RiverComplex\OrthoKernel\OrthoGrid.cu"
         
         D:\Dropbox\работа\GitRepo\RiverComplex\OrthoKernel>"C:\Program Files\NVIDIA GPU Computing Toolkit\CUDA\v8.0\bin\nvcc.exe" -gencode=arch=compute_20,code=\"sm_20,compute_20\" --use-local-env --cl-version 2013 -ccbin "C:\Program Files (x86)\Microsoft Visual Studio 12.0\VC\bin\x86_amd64"  -I"C:\Program Files\NVIDIA GPU Computing Toolkit\CUDA\v8.0\include" -I"C:\Program Files\NVIDIA GPU Computing Toolkit\CUDA\v8.0\include"  -G   --keep-dir x64\Debug -maxrregcount=0  --machine 64 -ptx -cudart static  -o D:\Dropbox\работа\GitRepo\RiverComplex\MeshLibrary\OrthoGrid_x64.ptx "D:\Dropbox\работа\GitRepo\RiverComplex\OrthoKernel\OrthoGrid.cu" 
     1>D:/Dropbox/ЁрсюЄр/GitRepo/RiverComplex/OrthoKernel/OrthoGrid.cu(35): warning : variable "Delta" was declared but never referenced
     1>CUDACOMPILE : nvcc warning : The 'compute_20', 'sm_20', and 'sm_21' architectures are deprecated, and may be removed in a future release (Use -Wno-deprecated-gpu-targets to suppress warning).
         OrthoGrid.cu
     1>Done Building Project "D:\Dropbox\работа\GitRepo\RiverComplex\OrthoKernel\OrthoKernel.vcxproj" (CudaBuildCore target(s)).
     1>Done Building Project "D:\Dropbox\работа\GitRepo\RiverComplex\OrthoKernel\OrthoKernel.vcxproj" (Rebuild target(s)).

Build succeeded.

Time Elapsed 00:00:04.43
