Build started 2/27/2020 3:53:36 PM.
     1>Project "D:\Dropbox\работа\GitRepo\RiverComplex\AlgGridKernel\AlgGridKernel.vcxproj" on node 5 (Rebuild target(s)).
     1>CudaClean:
         cmd.exe /C "C:\Users\SnigurKS\AppData\Local\Temp\tmpfbb39cb7f53d4a35b5b9c7f4b48640fb.cmd"
         "C:\Program Files\NVIDIA GPU Computing Toolkit\CUDA\v8.0\bin\nvcc.exe" -ccbin "C:\Program Files (x86)\Microsoft Visual Studio 12.0\VC\bin\x86_amd64"  -I"C:\Program Files\NVIDIA GPU Computing Toolkit\CUDA\v8.0\include" -I"C:\Program Files\NVIDIA GPU Computing Toolkit\CUDA\v8.0\include"     --keep-dir x64\Release -maxrregcount=0  --machine 64 -ptx   -o D:\Dropbox\работа\GitRepo\RiverComplex\MeshLibrary\AlgGrid_x64.ptx "D:\Dropbox\работа\GitRepo\RiverComplex\AlgGridKernel\AlgGrid.cu" -clean
         
         D:\Dropbox\работа\GitRepo\RiverComplex\AlgGridKernel>"C:\Program Files\NVIDIA GPU Computing Toolkit\CUDA\v8.0\bin\nvcc.exe" -ccbin "C:\Program Files (x86)\Microsoft Visual Studio 12.0\VC\bin\x86_amd64"  -I"C:\Program Files\NVIDIA GPU Computing Toolkit\CUDA\v8.0\include" -I"C:\Program Files\NVIDIA GPU Computing Toolkit\CUDA\v8.0\include"     --keep-dir x64\Release -maxrregcount=0  --machine 64 -ptx   -o D:\Dropbox\работа\GitRepo\RiverComplex\MeshLibrary\AlgGrid_x64.ptx "D:\Dropbox\работа\GitRepo\RiverComplex\AlgGridKernel\AlgGrid.cu" -clean 
     1>CUDACOMPILE : nvcc warning : The 'compute_20', 'sm_20', and 'sm_21' architectures are deprecated, and may be removed in a future release (Use -Wno-deprecated-gpu-targets to suppress warning).
         AlgGrid.cu
     1>C:\Program Files (x86)\MSBuild\Microsoft.Cpp\v4.0\V120\Microsoft.CppBuild.targets(388,5): warning MSB8028: The intermediate directory (x64\Release\) contains files shared from another project (AlgKernel.vcxproj).  This can lead to incorrect clean and rebuild behavior.
       AddCudaCompileDeps:
         C:\Program Files (x86)\Microsoft Visual Studio 12.0\VC\bin\x86_amd64\cl.exe /E /nologo /showIncludes /TP /D__CUDACC__ /DWIN32 /DWIN64 /DNDEBUG /D_CONSOLE /D_MBCS /I"C:\Program Files\NVIDIA GPU Computing Toolkit\CUDA\v8.0\include" /I"C:\Program Files\NVIDIA GPU Computing Toolkit\CUDA\v8.0\bin" /I"C:\Program Files\NVIDIA GPU Computing Toolkit\CUDA\v8.0\include" /I. /FIcuda_runtime.h /c D:\Dropbox\работа\GitRepo\RiverComplex\AlgGridKernel\AlgGrid.cu 
     1>Project "D:\Dropbox\работа\GitRepo\RiverComplex\AlgGridKernel\AlgGridKernel.vcxproj" (1) is building "D:\Dropbox\работа\GitRepo\RiverComplex\AlgGridKernel\AlgGridKernel.vcxproj" (1:2) on node 5 (CudaBuildCore target(s)).
     1>CudaBuildCore:
         Compiling CUDA source file AlgGrid.cu...
         cmd.exe /C "C:\Users\SnigurKS\AppData\Local\Temp\tmp976c4e45def7453f90d205509d2a0ac7.cmd"
         "C:\Program Files\NVIDIA GPU Computing Toolkit\CUDA\v8.0\bin\nvcc.exe" -gencode=arch=compute_20,code=\"sm_20,compute_20\" --use-local-env --cl-version 2013 -ccbin "C:\Program Files (x86)\Microsoft Visual Studio 12.0\VC\bin\x86_amd64"  -I"C:\Program Files\NVIDIA GPU Computing Toolkit\CUDA\v8.0\include" -I"C:\Program Files\NVIDIA GPU Computing Toolkit\CUDA\v8.0\include"     --keep-dir x64\Release -maxrregcount=0  --machine 64 -ptx -cudart static  -o D:\Dropbox\работа\GitRepo\RiverComplex\MeshLibrary\AlgGrid_x64.ptx "D:\Dropbox\работа\GitRepo\RiverComplex\AlgGridKernel\AlgGrid.cu"
         
         D:\Dropbox\работа\GitRepo\RiverComplex\AlgGridKernel>"C:\Program Files\NVIDIA GPU Computing Toolkit\CUDA\v8.0\bin\nvcc.exe" -gencode=arch=compute_20,code=\"sm_20,compute_20\" --use-local-env --cl-version 2013 -ccbin "C:\Program Files (x86)\Microsoft Visual Studio 12.0\VC\bin\x86_amd64"  -I"C:\Program Files\NVIDIA GPU Computing Toolkit\CUDA\v8.0\include" -I"C:\Program Files\NVIDIA GPU Computing Toolkit\CUDA\v8.0\include"     --keep-dir x64\Release -maxrregcount=0  --machine 64 -ptx -cudart static  -o D:\Dropbox\работа\GitRepo\RiverComplex\MeshLibrary\AlgGrid_x64.ptx "D:\Dropbox\работа\GitRepo\RiverComplex\AlgGridKernel\AlgGrid.cu" 
     1>CUDACOMPILE : nvcc warning : The 'compute_20', 'sm_20', and 'sm_21' architectures are deprecated, and may be removed in a future release (Use -Wno-deprecated-gpu-targets to suppress warning).
         AlgGrid.cu
     1>Done Building Project "D:\Dropbox\работа\GitRepo\RiverComplex\AlgGridKernel\AlgGridKernel.vcxproj" (CudaBuildCore target(s)).
     1>Done Building Project "D:\Dropbox\работа\GitRepo\RiverComplex\AlgGridKernel\AlgGridKernel.vcxproj" (Rebuild target(s)).

Build succeeded.

Time Elapsed 00:00:16.57
