Build started 8/13/2019 1:38:39 PM.
     1>Project "D:\Dropbox\работа\GitRepo\RiverComplex\KernelUV1\KernelUV1.vcxproj" on node 2 (Rebuild target(s)).
     1>CudaClean:
         cmd.exe /C "C:\Users\SnigurKS\AppData\Local\Temp\tmpe3a3521f8fb14105a4a547d4d52ad041.cmd"
         "C:\Program Files\NVIDIA GPU Computing Toolkit\CUDA\v8.0\bin\nvcc.exe" -ccbin "C:\Program Files (x86)\Microsoft Visual Studio 12.0\VC\bin"  -I"C:\Program Files\NVIDIA GPU Computing Toolkit\CUDA\v8.0\include" -I"C:\Program Files\NVIDIA GPU Computing Toolkit\CUDA\v8.0\include"  -G   --keep-dir Debug -maxrregcount=0  --machine 32 -ptx   -o D:\Dropbox\работа\GitRepo\RiverComplex\HydrodynamicLibrary\UVKernel_x32.ptx "D:\Dropbox\работа\GitRepo\RiverComplex\KernelUV1\UVKernel.cu" -clean
         
         D:\Dropbox\работа\GitRepo\RiverComplex\KernelUV1>"C:\Program Files\NVIDIA GPU Computing Toolkit\CUDA\v8.0\bin\nvcc.exe" -ccbin "C:\Program Files (x86)\Microsoft Visual Studio 12.0\VC\bin"  -I"C:\Program Files\NVIDIA GPU Computing Toolkit\CUDA\v8.0\include" -I"C:\Program Files\NVIDIA GPU Computing Toolkit\CUDA\v8.0\include"  -G   --keep-dir Debug -maxrregcount=0  --machine 32 -ptx   -o D:\Dropbox\работа\GitRepo\RiverComplex\HydrodynamicLibrary\UVKernel_x32.ptx "D:\Dropbox\работа\GitRepo\RiverComplex\KernelUV1\UVKernel.cu" -clean 
     1>CUDACOMPILE : nvcc warning : The 'compute_20', 'sm_20', and 'sm_21' architectures are deprecated, and may be removed in a future release (Use -Wno-deprecated-gpu-targets to suppress warning).
         UVKernel.cu
     1>C:\Program Files (x86)\MSBuild\Microsoft.Cpp\v4.0\V120\Microsoft.CppBuild.targets(388,5): warning MSB8028: The intermediate directory (Debug\) contains files shared from another project (KernelUV.vcxproj).  This can lead to incorrect clean and rebuild behavior.
       AddCudaCompileDeps:
         C:\Program Files (x86)\Microsoft Visual Studio 12.0\VC\bin\cl.exe /E /nologo /showIncludes /TP /D__CUDACC__ /DWIN32 /D_DEBUG /D_CONSOLE /D_MBCS /I"C:\Program Files\NVIDIA GPU Computing Toolkit\CUDA\v8.0\include" /I"C:\Program Files\NVIDIA GPU Computing Toolkit\CUDA\v8.0\bin" /I"C:\Program Files\NVIDIA GPU Computing Toolkit\CUDA\v8.0\include" /I. /FIcuda_runtime.h /c D:\Dropbox\работа\GitRepo\RiverComplex\KernelUV1\UVKernel.cu 
     1>Project "D:\Dropbox\работа\GitRepo\RiverComplex\KernelUV1\KernelUV1.vcxproj" (1) is building "D:\Dropbox\работа\GitRepo\RiverComplex\KernelUV1\KernelUV1.vcxproj" (1:2) on node 2 (CudaBuildCore target(s)).
     1>CudaBuildCore:
         Compiling CUDA source file UVKernel.cu...
         cmd.exe /C "C:\Users\SnigurKS\AppData\Local\Temp\tmpf3ab12ebeffb48fb991a8844009543ea.cmd"
         "C:\Program Files\NVIDIA GPU Computing Toolkit\CUDA\v8.0\bin\nvcc.exe" -gencode=arch=compute_20,code=\"sm_20,compute_20\" --use-local-env --cl-version 2013 -ccbin "C:\Program Files (x86)\Microsoft Visual Studio 12.0\VC\bin"  -I"C:\Program Files\NVIDIA GPU Computing Toolkit\CUDA\v8.0\include" -I"C:\Program Files\NVIDIA GPU Computing Toolkit\CUDA\v8.0\include"  -G   --keep-dir Debug -maxrregcount=0  --machine 32 -ptx -cudart static  -o D:\Dropbox\работа\GitRepo\RiverComplex\HydrodynamicLibrary\UVKernel_x32.ptx "D:\Dropbox\работа\GitRepo\RiverComplex\KernelUV1\UVKernel.cu"
         
         D:\Dropbox\работа\GitRepo\RiverComplex\KernelUV1>"C:\Program Files\NVIDIA GPU Computing Toolkit\CUDA\v8.0\bin\nvcc.exe" -gencode=arch=compute_20,code=\"sm_20,compute_20\" --use-local-env --cl-version 2013 -ccbin "C:\Program Files (x86)\Microsoft Visual Studio 12.0\VC\bin"  -I"C:\Program Files\NVIDIA GPU Computing Toolkit\CUDA\v8.0\include" -I"C:\Program Files\NVIDIA GPU Computing Toolkit\CUDA\v8.0\include"  -G   --keep-dir Debug -maxrregcount=0  --machine 32 -ptx -cudart static  -o D:\Dropbox\работа\GitRepo\RiverComplex\HydrodynamicLibrary\UVKernel_x32.ptx "D:\Dropbox\работа\GitRepo\RiverComplex\KernelUV1\UVKernel.cu" 
     1>CUDACOMPILE : nvcc warning : The 'compute_20', 'sm_20', and 'sm_21' architectures are deprecated, and may be removed in a future release (Use -Wno-deprecated-gpu-targets to suppress warning).
         UVKernel.cu
     1>Done Building Project "D:\Dropbox\работа\GitRepo\RiverComplex\KernelUV1\KernelUV1.vcxproj" (CudaBuildCore target(s)).
     1>Done Building Project "D:\Dropbox\работа\GitRepo\RiverComplex\KernelUV1\KernelUV1.vcxproj" (Rebuild target(s)).

Build succeeded.

Time Elapsed 00:00:04.80
